<?xml version="1.0" encoding="UTF-8"?>
<testsuite name="com.example.devops_tp1.controller.MahjongControllerTest" tests="1" skipped="0" failures="0" errors="0" timestamp="2026-04-16T14:00:56" hostname="LAPTOP-IQPF2L6O" time="0.35">
  <properties/>
  <testcase name="shouldReturnStartingHand()" classname="com.example.devops_tp1.controller.MahjongControllerTest" time="0.35"/>
  <system-out><![CDATA[16:00:52.262 [Test worker] INFO org.springframework.test.context.support.AnnotationConfigContextLoaderUtils -- Could not detect default configuration classes for test class [com.example.devops_tp1.controller.MahjongControllerTest]: MahjongControllerTest does not declare any static, non-private, non-final, nested classes annotated with @Configuration.
16:00:52.525 [Test worker] INFO org.springframework.boot.test.context.SpringBootTestContextBootstrapper -- Found @SpringBootConfiguration com.example.devops_tp1.DevopsTp1Application for test class com.example.devops_tp1.controller.MahjongControllerTest

  .   ____          _            __ _ _
 /\\ / ___'_ __ _ _(_)_ __  __ _ \ \ \ \
( ( )\___ | '_ | '_| | '_ \/ _` | \ \ \ \
 \\/  ___)| |_)| | | | | || (_| |  ) ) ) )
  '  |____| .__|_| |_|_| |_\__, | / / / /
 =========|_|==============|___/=/_/_/_/

 :: Spring Boot ::                (v3.3.5)

2026-04-16T16:00:53.185+02:00  INFO 8740 --- [devops_tp1] [    Test worker] c.e.d.controller.MahjongControllerTest   : Starting MahjongControllerTest using Java 21.0.1 with PID 8740 (started by LINos in C:\Users\LINos\OneDrive\Bureau\Travaux\EFREI ING2\Java\TP1\devops_tp1\devops_tp1)
2026-04-16T16:00:53.188+02:00  INFO 8740 --- [devops_tp1] [    Test worker] c.e.d.controller.MahjongControllerTest   : No active profile set, falling back to 1 default profile: "default"
2026-04-16T16:00:56.466+02:00  INFO 8740 --- [devops_tp1] [    Test worker] o.s.b.t.m.w.SpringBootMockServletContext : Initializing Spring TestDispatcherServlet ''
2026-04-16T16:00:56.467+02:00  INFO 8740 --- [devops_tp1] [    Test worker] o.s.t.web.servlet.TestDispatcherServlet  : Initializing Servlet ''
2026-04-16T16:00:56.470+02:00  INFO 8740 --- [devops_tp1] [    Test worker] o.s.t.web.servlet.TestDispatcherServlet  : Completed initialization in 2 ms
2026-04-16T16:00:56.526+02:00  INFO 8740 --- [devops_tp1] [    Test worker] c.e.d.controller.MahjongControllerTest   : Started MahjongControllerTest in 3.876 seconds (process running for 5.756)
]]></system-out>
  <system-err><![CDATA[WARNING: A Java agent has been loaded dynamically (C:\Users\LINos\.gradle\caches\modules-2\files-2.1\net.bytebuddy\byte-buddy-agent\1.14.19\154da3a65b4f4a909d3e5bdec55d1b2b4cbb6ce1\byte-buddy-agent-1.14.19.jar)
WARNING: If a serviceability tool is in use, please run with -XX:+EnableDynamicAgentLoading to hide this warning
WARNING: If a serviceability tool is not in use, please run with -Djdk.instrument.traceUsage for more information
WARNING: Dynamic loading of agents will be disallowed by default in a future release
]]></system-err>
</testsuite>
