<?xml version="1.0" encoding="UTF-8"?>
<testsuite name="com.example.devops_tp1.DevopsTp1ApplicationTests" tests="1" skipped="0" failures="0" errors="0" timestamp="2026-03-27T10:10:16.760Z" hostname="BOOGIEASPIRE" time="2.723">
  <properties/>
  <testcase name="contextLoads()" classname="com.example.devops_tp1.DevopsTp1ApplicationTests" time="0.723"/>
  <system-out><![CDATA[11:10:16.932 [Test worker] INFO org.springframework.test.context.support.AnnotationConfigContextLoaderUtils -- Could not detect default configuration classes for test class [com.example.devops_tp1.DevopsTp1ApplicationTests]: DevopsTp1ApplicationTests does not declare any static, non-private, non-final, nested classes annotated with @Configuration.
11:10:17.074 [Test worker] INFO org.springframework.boot.test.context.SpringBootTestContextBootstrapper -- Found @SpringBootConfiguration com.example.devops_tp1.DevopsTp1Application for test class com.example.devops_tp1.DevopsTp1ApplicationTests

  .   ____          _            __ _ _
 /\\ / ___'_ __ _ _(_)_ __  __ _ \ \ \ \
( ( )\___ | '_ | '_| | '_ \/ _` | \ \ \ \
 \\/  ___)| |_)| | | | | || (_| |  ) ) ) )
  '  |____| .__|_| |_|_| |_\__, | / / / /
 =========|_|==============|___/=/_/_/_/

 :: Spring Boot ::                (v3.3.5)

2026-03-27T11:10:17.467+01:00  INFO 8060 --- [devops_tp1] [    Test worker] c.e.d.DevopsTp1ApplicationTests          : Starting DevopsTp1ApplicationTests using Java 21.0.5 with PID 8060 (started by minec in C:\Users\minec\Documents\Efrei\devops\devops_tp1\devops_tp1)
2026-03-27T11:10:17.468+01:00  INFO 8060 --- [devops_tp1] [    Test worker] c.e.d.DevopsTp1ApplicationTests          : No active profile set, falling back to 1 default profile: "default"
2026-03-27T11:10:18.731+01:00  INFO 8060 --- [devops_tp1] [    Test worker] c.e.d.DevopsTp1ApplicationTests          : Started DevopsTp1ApplicationTests in 1.499 seconds (process running for 2.714)
]]></system-out>
  <system-err><![CDATA[WARNING: A Java agent has been loaded dynamically (C:\Users\minec\.gradle\caches\modules-2\files-2.1\net.bytebuddy\byte-buddy-agent\1.14.19\154da3a65b4f4a909d3e5bdec55d1b2b4cbb6ce1\byte-buddy-agent-1.14.19.jar)
WARNING: If a serviceability tool is in use, please run with -XX:+EnableDynamicAgentLoading to hide this warning
WARNING: If a serviceability tool is not in use, please run with -Djdk.instrument.traceUsage for more information
WARNING: Dynamic loading of agents will be disallowed by default in a future release
]]></system-err>
</testsuite>
